02:55:06:017,,VENDOR-STAT,XO,755
02:55:06:017,,VENDOR-STAT,VoxBone,942
02:55:06:017,,VENDOR-STAT,Siproute,979
02:55:06:017,,VENDOR-STAT,Tata,374
02:55:06:017,,VENDOR-STAT,Level3,920
02:55:06:017,,VENDOR-STAT,Union400,179
02:55:06:017,,VENDOR-STAT,Bandwidth,949
02:55:06:017,,VENDOR-STAT,Inteliquent,59
02:55:06:017,,VENDOR-STAT,Peerless,531
02:55:06:017,,VENDOR-STAT,VIVO,271
02:55:06:017,,VENDOR-STAT,Airtel,911
02:55:06:017,,VENDOR-STAT,Colt,124
02:55:06:017,,VENDOR-STAT,Symbio,726
02:55:06:017,,VENDOR-STAT,Iristel,178
02:55:06:017,,VENDOR-STAT,Telefonica,582
02:55:06:017,,VENDOR-STAT,BritishTelecom,928
02:55:06:017,,VENDOR-STAT,CenturyLink,767
02:55:06:017,,VENDOR-STAT,M800,242
02:55:06:017,,VENDOR-STAT,PhoneSignal,310
02:56:06:015,,VENDOR-STAT,XO,376
02:56:06:015,,VENDOR-STAT,VoxBone,715
02:56:06:015,,VENDOR-STAT,Siproute,396
02:56:06:015,,VENDOR-STAT,Tata,735
02:56:06:015,,VENDOR-STAT,Level3,939
02:56:06:015,,VENDOR-STAT,Union400,641
02:56:06:015,,VENDOR-STAT,Bandwidth,144
02:56:06:015,,VENDOR-STAT,Inteliquent,256
02:56:06:015,,VENDOR-STAT,Peerless,175
02:56:06:015,,VENDOR-STAT,VIVO,326
02:56:06:015,,VENDOR-STAT,Airtel,814
02:56:06:015,,VENDOR-STAT,Colt,424
02:56:06:015,,VENDOR-STAT,Symbio,68
02:56:06:015,,VENDOR-STAT,Iristel,950
02:56:06:015,,VENDOR-STAT,Telefonica,797
02:56:06:015,,VENDOR-STAT,BritishTelecom,645
02:56:06:015,,VENDOR-STAT,CenturyLink,93
02:56:06:015,,VENDOR-STAT,M800,20
02:56:06:015,,VENDOR-STAT,PhoneSignal,145
02:57:05:998,,VENDOR-STAT,XO,32
02:57:05:998,,VENDOR-STAT,VoxBone,831
02:57:05:998,,VENDOR-STAT,Siproute,992
02:57:05:998,,VENDOR-STAT,Tata,871
02:57:05:998,,VENDOR-STAT,Level3,160
02:57:05:998,,VENDOR-STAT,Union400,760
02:57:05:998,,VENDOR-STAT,Bandwidth,921
02:57:05:998,,VENDOR-STAT,Inteliquent,762
02:57:05:998,,VENDOR-STAT,Peerless,764
02:57:05:998,,VENDOR-STAT,VIVO,317
02:57:05:998,,VENDOR-STAT,Airtel,688
02:57:05:998,,VENDOR-STAT,Colt,268
02:57:05:998,,VENDOR-STAT,Symbio,76
02:57:05:998,,VENDOR-STAT,Iristel,130
02:57:05:998,,VENDOR-STAT,Telefonica,220
02:57:05:998,,VENDOR-STAT,BritishTelecom,135
02:57:05:998,,VENDOR-STAT,CenturyLink,547
02:57:05:998,,VENDOR-STAT,M800,286
02:57:05:998,,VENDOR-STAT,PhoneSignal,520
02:58:06:012,,VENDOR-STAT,XO,914
02:58:06:012,,VENDOR-STAT,VoxBone,455
02:58:06:012,,VENDOR-STAT,Siproute,153
02:58:06:012,,VENDOR-STAT,Tata,36
02:58:06:012,,VENDOR-STAT,Level3,206
02:58:06:012,,VENDOR-STAT,Union400,992
02:58:06:012,,VENDOR-STAT,Bandwidth,919
02:58:06:012,,VENDOR-STAT,Inteliquent,156
02:58:06:012,,VENDOR-STAT,Peerless,546
02:58:06:012,,VENDOR-STAT,VIVO,827
02:58:06:012,,VENDOR-STAT,Airtel,563
02:58:06:012,,VENDOR-STAT,Colt,287
02:58:06:012,,VENDOR-STAT,Symbio,102
02:58:06:012,,VENDOR-STAT,Iristel,19
02:58:06:012,,VENDOR-STAT,Telefonica,251
02:58:06:012,,VENDOR-STAT,BritishTelecom,529
02:58:06:012,,VENDOR-STAT,CenturyLink,11
02:58:06:012,,VENDOR-STAT,M800,536
02:58:06:012,,VENDOR-STAT,PhoneSignal,265
02:59:05:995,,VENDOR-STAT,XO,900
02:59:05:995,,VENDOR-STAT,VoxBone,240
02:59:05:995,,VENDOR-STAT,Siproute,979
02:59:06:005,,VENDOR-STAT,Tata,514
02:59:06:005,,VENDOR-STAT,Level3,86
02:59:06:005,,VENDOR-STAT,Union400,105
02:59:06:005,,VENDOR-STAT,Bandwidth,87
02:59:06:005,,VENDOR-STAT,Inteliquent,142
02:59:06:005,,VENDOR-STAT,Peerless,927
02:59:06:005,,VENDOR-STAT,VIVO,967
02:59:06:005,,VENDOR-STAT,Airtel,751
02:59:06:005,,VENDOR-STAT,Colt,251
02:59:06:005,,VENDOR-STAT,Symbio,996
02:59:06:005,,VENDOR-STAT,Iristel,585
02:59:06:005,,VENDOR-STAT,Telefonica,599
02:59:06:005,,VENDOR-STAT,BritishTelecom,857
02:59:06:005,,VENDOR-STAT,CenturyLink,453
02:59:06:005,,VENDOR-STAT,M800,936
02:59:06:005,,VENDOR-STAT,PhoneSignal,47
03:00:06:006,,VENDOR-STAT,XO,698
03:00:06:006,,VENDOR-STAT,VoxBone,107
03:00:06:006,,VENDOR-STAT,Siproute,515
03:00:06:006,,VENDOR-STAT,Tata,197
03:00:06:006,,VENDOR-STAT,Level3,95
03:00:06:006,,VENDOR-STAT,Union400,193
03:00:06:006,,VENDOR-STAT,Bandwidth,540
03:00:06:006,,VENDOR-STAT,Inteliquent,682
03:00:06:006,,VENDOR-STAT,Peerless,588
03:00:06:006,,VENDOR-STAT,VIVO,690
03:00:06:006,,VENDOR-STAT,Airtel,920
03:00:06:006,,VENDOR-STAT,Colt,977
03:00:06:006,,VENDOR-STAT,Symbio,269
03:00:06:006,,VENDOR-STAT,Iristel,347
03:00:06:006,,VENDOR-STAT,Telefonica,225
03:00:06:006,,VENDOR-STAT,BritishTelecom,895
03:00:06:006,,VENDOR-STAT,CenturyLink,529
03:00:06:006,,VENDOR-STAT,M800,706
03:00:06:006,,VENDOR-STAT,PhoneSignal,94
03:01:06:014,,VENDOR-STAT,XO,778
03:01:06:014,,VENDOR-STAT,VoxBone,182
03:01:06:014,,VENDOR-STAT,Siproute,284
03:01:06:014,,VENDOR-STAT,Tata,77
03:01:06:014,,VENDOR-STAT,Level3,322
03:01:06:014,,VENDOR-STAT,Union400,579
03:01:06:014,,VENDOR-STAT,Bandwidth,667
03:01:06:014,,VENDOR-STAT,Inteliquent,126
03:01:06:014,,VENDOR-STAT,Peerless,483
03:01:06:014,,VENDOR-STAT,VIVO,120
03:01:06:014,,VENDOR-STAT,Airtel,908
03:01:06:014,,VENDOR-STAT,Colt,430
03:01:06:014,,VENDOR-STAT,Symbio,419
03:01:06:014,,VENDOR-STAT,Iristel,571
03:01:06:014,,VENDOR-STAT,Telefonica,431
03:01:06:014,,VENDOR-STAT,BritishTelecom,578
03:01:06:014,,VENDOR-STAT,CenturyLink,569
03:01:06:014,,VENDOR-STAT,M800,911
03:01:06:014,,VENDOR-STAT,PhoneSignal,294
03:02:06:001,,VENDOR-STAT,XO,391
03:02:06:001,,VENDOR-STAT,VoxBone,938
03:02:06:001,,VENDOR-STAT,Siproute,60
03:02:06:001,,VENDOR-STAT,Tata,592
03:02:06:001,,VENDOR-STAT,Level3,284
03:02:06:001,,VENDOR-STAT,Union400,702
03:02:06:001,,VENDOR-STAT,Bandwidth,23
03:02:06:001,,VENDOR-STAT,Inteliquent,136
03:02:06:001,,VENDOR-STAT,Peerless,911
03:02:06:001,,VENDOR-STAT,VIVO,201
03:02:06:001,,VENDOR-STAT,Airtel,791
03:02:06:001,,VENDOR-STAT,Colt,511
03:02:06:001,,VENDOR-STAT,Symbio,536
03:02:06:001,,VENDOR-STAT,Iristel,304
03:02:06:001,,VENDOR-STAT,Telefonica,504
03:02:06:001,,VENDOR-STAT,BritishTelecom,164
03:02:06:001,,VENDOR-STAT,CenturyLink,50
03:02:06:001,,VENDOR-STAT,M800,250
03:02:06:001,,VENDOR-STAT,PhoneSignal,349
03:03:06:002,,VENDOR-STAT,XO,554
03:03:06:002,,VENDOR-STAT,VoxBone,778
03:03:06:002,,VENDOR-STAT,Siproute,725
03:03:06:002,,VENDOR-STAT,Tata,804
03:03:06:002,,VENDOR-STAT,Level3,900
03:03:06:002,,VENDOR-STAT,Union400,172
03:03:06:002,,VENDOR-STAT,Bandwidth,752
03:03:06:002,,VENDOR-STAT,Inteliquent,51
03:03:06:002,,VENDOR-STAT,Peerless,132
03:03:06:002,,VENDOR-STAT,VIVO,46
03:03:06:002,,VENDOR-STAT,Airtel,812
03:03:06:002,,VENDOR-STAT,Colt,946
03:03:06:002,,VENDOR-STAT,Symbio,783
03:03:06:002,,VENDOR-STAT,Iristel,178
03:03:06:002,,VENDOR-STAT,Telefonica,639
03:03:06:002,,VENDOR-STAT,BritishTelecom,89
03:03:06:002,,VENDOR-STAT,CenturyLink,325
03:03:06:002,,VENDOR-STAT,M800,615
03:03:06:002,,VENDOR-STAT,PhoneSignal,921
03:04:05:999,,VENDOR-STAT,XO,320
03:04:05:999,,VENDOR-STAT,VoxBone,18
03:04:05:999,,VENDOR-STAT,Siproute,386
03:04:05:999,,VENDOR-STAT,Tata,712
03:04:05:999,,VENDOR-STAT,Level3,676
03:04:05:999,,VENDOR-STAT,Union400,426
03:04:05:999,,VENDOR-STAT,Bandwidth,685
03:04:05:999,,VENDOR-STAT,Inteliquent,991
03:04:05:999,,VENDOR-STAT,Peerless,419
03:04:05:999,,VENDOR-STAT,VIVO,71
03:04:05:999,,VENDOR-STAT,Airtel,814
03:04:05:999,,VENDOR-STAT,Colt,845
03:04:05:999,,VENDOR-STAT,Symbio,339
03:04:05:999,,VENDOR-STAT,Iristel,69
03:04:05:999,,VENDOR-STAT,Telefonica,176
03:04:05:999,,VENDOR-STAT,BritishTelecom,920
03:04:05:999,,VENDOR-STAT,CenturyLink,355
03:04:05:999,,VENDOR-STAT,M800,347
03:04:05:999,,VENDOR-STAT,PhoneSignal,387
